[2026-05-22 00:22:49] Training started: 100 epochs, device=cuda
[2026-05-22 00:23:05] Epoch   1/100 | Train Loss: 0.4926 Acc: 83.84% | Val Loss: 0.1224 Acc: 95.30%
[2026-05-22 00:23:05]   → Checkpoint saved: experiments\run_20260522_002249\checkpoints\best_model.pt
[2026-05-22 00:23:21] Epoch   2/100 | Train Loss: 0.0919 Acc: 96.31% | Val Loss: 0.1027 Acc: 96.05%
[2026-05-22 00:23:21]   → Checkpoint saved: experiments\run_20260522_002249\checkpoints\best_model.pt
[2026-05-22 00:23:37] Epoch   3/100 | Train Loss: 0.0855 Acc: 96.17% | Val Loss: 0.0917 Acc: 96.05%
[2026-05-22 00:23:37]   → Checkpoint saved: experiments\run_20260522_002249\checkpoints\best_model.pt
[2026-05-22 00:23:53] Epoch   4/100 | Train Loss: 0.0764 Acc: 96.59% | Val Loss: 0.0940 Acc: 95.41%
[2026-05-22 00:24:09] Epoch   5/100 | Train Loss: 0.0805 Acc: 96.44% | Val Loss: 0.0908 Acc: 96.05%
[2026-05-22 00:24:09]   → Checkpoint saved: experiments\run_20260522_002249\checkpoints\best_model.pt
[2026-05-22 00:24:24] Epoch   6/100 | Train Loss: 0.0756 Acc: 96.47% | Val Loss: 0.0860 Acc: 96.26%
[2026-05-22 00:24:24]   → Checkpoint saved: experiments\run_20260522_002249\checkpoints\best_model.pt
[2026-05-22 00:24:40] Epoch   7/100 | Train Loss: 0.0749 Acc: 96.60% | Val Loss: 0.0897 Acc: 96.05%
[2026-05-22 00:24:55] Epoch   8/100 | Train Loss: 0.0748 Acc: 96.68% | Val Loss: 0.0785 Acc: 96.80%
[2026-05-22 00:24:55]   → Checkpoint saved: experiments\run_20260522_002249\checkpoints\best_model.pt
[2026-05-22 00:25:11] Epoch   9/100 | Train Loss: 0.0749 Acc: 96.37% | Val Loss: 0.0917 Acc: 95.62%
[2026-05-22 00:25:27] Epoch  10/100 | Train Loss: 0.0699 Acc: 96.67% | Val Loss: 0.0790 Acc: 96.16%
[2026-05-22 00:25:42] Epoch  11/100 | Train Loss: 0.0706 Acc: 96.67% | Val Loss: 0.0819 Acc: 96.26%
[2026-05-22 00:25:58] Epoch  12/100 | Train Loss: 0.0659 Acc: 96.96% | Val Loss: 0.0814 Acc: 95.94%
[2026-05-22 00:26:13] Epoch  13/100 | Train Loss: 0.0685 Acc: 96.59% | Val Loss: 0.0763 Acc: 96.16%
[2026-05-22 00:26:13]   → Checkpoint saved: experiments\run_20260522_002249\checkpoints\best_model.pt
[2026-05-22 00:26:29] Epoch  14/100 | Train Loss: 0.0729 Acc: 96.63% | Val Loss: 0.0791 Acc: 96.48%
[2026-05-22 00:26:44] Epoch  15/100 | Train Loss: 0.0681 Acc: 96.65% | Val Loss: 0.0734 Acc: 96.80%
[2026-05-22 00:26:44]   → Checkpoint saved: experiments\run_20260522_002249\checkpoints\best_model.pt
[2026-05-22 00:27:00] Epoch  16/100 | Train Loss: 0.0665 Acc: 96.71% | Val Loss: 0.0786 Acc: 96.26%
[2026-05-22 00:27:15] Epoch  17/100 | Train Loss: 0.0647 Acc: 96.91% | Val Loss: 0.0752 Acc: 95.84%
[2026-05-22 00:27:30] Epoch  18/100 | Train Loss: 0.0650 Acc: 96.81% | Val Loss: 0.0783 Acc: 95.84%
[2026-05-22 00:27:46] Epoch  19/100 | Train Loss: 0.0668 Acc: 96.92% | Val Loss: 0.0725 Acc: 96.37%
[2026-05-22 00:27:46]   → Checkpoint saved: experiments\run_20260522_002249\checkpoints\best_model.pt
[2026-05-22 00:28:01] Epoch  20/100 | Train Loss: 0.0665 Acc: 96.56% | Val Loss: 0.0844 Acc: 95.84%
[2026-05-22 00:28:17] Epoch  21/100 | Train Loss: 0.0655 Acc: 96.68% | Val Loss: 0.0944 Acc: 95.41%
[2026-05-22 00:28:32] Epoch  22/100 | Train Loss: 0.0657 Acc: 96.61% | Val Loss: 0.0756 Acc: 95.73%
[2026-05-22 00:28:48] Epoch  23/100 | Train Loss: 0.0642 Acc: 96.69% | Val Loss: 0.0754 Acc: 96.58%
[2026-05-22 00:29:03] Epoch  24/100 | Train Loss: 0.0614 Acc: 97.00% | Val Loss: 0.0666 Acc: 96.91%
[2026-05-22 00:29:03]   → Checkpoint saved: experiments\run_20260522_002249\checkpoints\best_model.pt
[2026-05-22 00:29:19] Epoch  25/100 | Train Loss: 0.0642 Acc: 96.75% | Val Loss: 0.0735 Acc: 96.26%
[2026-05-22 00:29:34] Epoch  26/100 | Train Loss: 0.0650 Acc: 96.69% | Val Loss: 0.0719 Acc: 96.48%
[2026-05-22 00:29:49] Epoch  27/100 | Train Loss: 0.0622 Acc: 96.95% | Val Loss: 0.0690 Acc: 97.44%
[2026-05-22 00:30:04] Epoch  28/100 | Train Loss: 0.0616 Acc: 96.99% | Val Loss: 0.0715 Acc: 96.48%
[2026-05-22 00:30:20] Epoch  29/100 | Train Loss: 0.0640 Acc: 96.67% | Val Loss: 0.0731 Acc: 96.05%
[2026-05-22 00:30:35] Epoch  30/100 | Train Loss: 0.0626 Acc: 96.81% | Val Loss: 0.0707 Acc: 96.69%
[2026-05-22 00:30:50] Epoch  31/100 | Train Loss: 0.0611 Acc: 96.81% | Val Loss: 0.0727 Acc: 96.58%
[2026-05-22 00:31:05] Epoch  32/100 | Train Loss: 0.0608 Acc: 96.99% | Val Loss: 0.0683 Acc: 96.48%
[2026-05-22 00:31:20] Epoch  33/100 | Train Loss: 0.0601 Acc: 96.96% | Val Loss: 0.0697 Acc: 96.37%
[2026-05-22 00:31:35] Epoch  34/100 | Train Loss: 0.0602 Acc: 96.87% | Val Loss: 0.0716 Acc: 96.91%
[2026-05-22 00:31:35] Early stopping triggered at epoch 34
[2026-05-22 00:31:35] Training completed. Best val loss: 0.0666
